Authorized using stored user info.
stderr: 'rm' is not recognized as an internal or external command,
operable program or batch file.

Exporting assets from Unity...........

[ Stage1 ] Assets exported from Unity and staged for further processing
Using C:/2D-Pong-Game/Assets/Resources/Fonts/FiraSans-Medium.ttf file to generate an atlas for FiraSans-Medium[20774] font
  Using alphabet  §1234567890-=qwertyuiop[]asdfghjkl;'\`zxcvbnm,./±!@#$%^&*()_+QWERTYUIOP{}ASDFGHJKL:"|~ZXCVBNM<>?
Using C:/2D-Pong-Game/Assets/TextMesh Pro/Fonts/LiberationSans.ttf file to generate an atlas for LiberationSans[20990] font
  Using alphabet  §1234567890-=qwertyuiop[]asdfghjkl;'\`zxcvbnm,./±!@#$%^&*()_+QWERTYUIOP{}ASDFGHJKL:"|~ZXCVBNM<>?
Using C:/2D-Pong-Game/Assets/Resources/Fonts/FiraSans-Light.ttf file to generate an atlas for FiraSans-Light[20776] font
  Using alphabet  §1234567890-=qwertyuiop[]asdfghjkl;'\`zxcvbnm,./±!@#$%^&*()_+QWERTYUIOP{}ASDFGHJKL:"|~ZXCVBNM<>?
Using C:/2D-Pong-Game/Assets/Resources/Fonts/CaneletterSans_PersonalUse.otf file to generate an atlas for CaneletterSans_PersonalUse[20948] font
  Using alphabet  §1234567890-=qwertyuiop[]asdfghjkl;'\`zxcvbnm,./±!@#$%^&*()_+QWERTYUIOP{}ASDFGHJKL:"|~ZXCVBNM<>?
Combined 97 glyphs into bitmap texture at C:/2D-Pong-Game/LunaTemp/stage1/tmp/fonts/FiraSans-Light-20776/output_0.png (56kb)
Combined 97 glyphs into bitmap texture at C:/2D-Pong-Game/LunaTemp/stage1/tmp/fonts/LiberationSans-20990/output_0.png (56kb)
Combined 97 glyphs into bitmap texture at C:/2D-Pong-Game/LunaTemp/stage1/tmp/fonts/FiraSans-Medium-20774/output_0.png (56kb)
Combined 97 glyphs into bitmap texture at C:/2D-Pong-Game/LunaTemp/stage1/tmp/fonts/CaneletterSans_PersonalUse-20948/output_0.png (76kb)
Found custom rules for texture Assets/Resources/Fonts/3X5_____ SDF.asset
  {"maxWidth":512,"maxHeight":512,"format":"png32","compression":"none","quality":65,"script":"","ext":"","name":"Assets/Resources/Fonts/3X5_____ SDF.asset","isOverride":true}
Found custom rules for texture Assets/TextMesh Pro/Resources/Fonts & Materials/LiberationSans SDF.asset
  {"maxWidth":512,"maxHeight":512,"format":"png32","compression":"none","quality":65,"script":"","ext":"","name":"Assets/TextMesh Pro/Resources/Fonts & Materials/LiberationSans SDF.asset","isOverride":true}
Found custom rules for texture Assets/TextMesh Pro/Resources/Fonts & Materials/LiberationSans SDF - Fallback.asset
  {"maxWidth":512,"maxHeight":512,"format":"png32","compression":"none","quality":65,"script":"","ext":"","name":"Assets/TextMesh Pro/Resources/Fonts & Materials/LiberationSans SDF - Fallback.asset","isOverride":true}
Found custom rules for texture Assets/Resources/Fonts/FiraSans-Medium SDF.asset
  {"maxWidth":512,"maxHeight":512,"format":"png32","compression":"none","quality":65,"script":"","ext":"","name":"Assets/Resources/Fonts/FiraSans-Medium SDF.asset","isOverride":true}
Resources:
{}
[ Stage2 ] Assets postprocessed and bundled successfully
Authorized using stored user info.
MSBuild version 17.11.9+a69bbaaf5 for .NET Framework

Build started 2/13/2026 1:46:24 AM.



Project "C:\Users\Min Khant\Downloads\7.0.0\pipeline\templates\LunaCompiler\Scripts\Scripts.csproj" on node 1 (Rebuild target(s)).
CoreClean:
  Deleting file "C:\Users\Min Khant\Downloads\7.0.0\pipeline\templates\LunaCompiler\Scripts\bin\Debug\UnityScriptsCompiler.dll".

  Deleting file "C:\Users\Min Khant\Downloads\7.0.0\pipeline\templates\LunaCompiler\Scripts\bin\Debug\UnityScriptsCompiler.pdb".

  Deleting file "C:\Users\Min Khant\Downloads\7.0.0\pipeline\templates\LunaCompiler\Scripts\bin\Debug\Bridge.dll".

  Deleting file "C:\Users\Min Khant\Downloads\7.0.0\pipeline\templates\LunaCompiler\Scripts\bin\Debug\Bridge.Html5.dll".

  Deleting file "C:\Users\Min Khant\Downloads\7.0.0\pipeline\templates\LunaCompiler\Scripts\bin\Debug\Bridge.WebGL.dll".

  Deleting file "C:\Users\Min Khant\Downloads\7.0.0\pipeline\templates\LunaCompiler\Scripts\bin\Debug\DOTween.dll".

  Deleting file "C:\Users\Min Khant\Downloads\7.0.0\pipeline\templates\LunaCompiler\Scripts\bin\Debug\JetBrains.dll".

  Deleting file "C:\Users\Min Khant\Downloads\7.0.0\pipeline\templates\LunaCompiler\Scripts\bin\Debug\Newtonsoft.Json.dll".

  Deleting file "C:\Users\Min Khant\Downloads\7.0.0\pipeline\templates\LunaCompiler\Scripts\bin\Debug\Retyped.Core.dll".

  Deleting file "C:\Users\Min Khant\Downloads\7.0.0\pipeline\templates\LunaCompiler\Scripts\bin\Debug\Retyped.dom.dll".

  Deleting file "C:\Users\Min Khant\Downloads\7.0.0\pipeline\templates\LunaCompiler\Scripts\bin\Debug\Retyped.es5.dll".

  Deleting file "C:\Users\Min Khant\Downloads\7.0.0\pipeline\templates\LunaCompiler\Scripts\bin\Debug\Retyped.scripthost.dll".

  Deleting file "C:\Users\Min Khant\Downloads\7.0.0\pipeline\templates\LunaCompiler\Scripts\bin\Debug\TextMeshPro.dll".

  Deleting file "C:\Users\Min Khant\Downloads\7.0.0\pipeline\templates\LunaCompiler\Scripts\bin\Debug\UnityEngine.dll".

  Deleting file "C:\Users\Min Khant\Downloads\7.0.0\pipeline\templates\LunaCompiler\Scripts\bin\Debug\UnityEngine.UI.dll".

  Deleting file "C:\Users\Min Khant\Downloads\7.0.0\pipeline\templates\LunaCompiler\Scripts\bin\Debug\UnityEngine.UniversalRenderPipeline.dll".

  Deleting file "C:\Users\Min Khant\Downloads\7.0.0\pipeline\templates\LunaCompiler\Scripts\bin\Debug\Bridge.xml".

  Deleting file "C:\Users\Min Khant\Downloads\7.0.0\pipeline\templates\LunaCompiler\Scripts\bin\Debug\Bridge.Html5.xml".

  Deleting file "C:\Users\Min Khant\Downloads\7.0.0\pipeline\templates\LunaCompiler\Scripts\bin\Debug\Bridge.WebGL.xml".

  Deleting file "C:\Users\Min Khant\Downloads\7.0.0\pipeline\templates\LunaCompiler\Scripts\bin\Debug\Newtonsoft.Json.xml".

  Deleting file "C:\Users\Min Khant\Downloads\7.0.0\pipeline\templates\LunaCompiler\Scripts\bin\Debug\Retyped.Core.xml".

  Deleting file "C:\Users\Min Khant\Downloads\7.0.0\pipeline\templates\LunaCompiler\Scripts\bin\Debug\Retyped.dom.xml".

  Deleting file "C:\Users\Min Khant\Downloads\7.0.0\pipeline\templates\LunaCompiler\Scripts\bin\Debug\Retyped.es5.xml".

  Deleting file "C:\Users\Min Khant\Downloads\7.0.0\pipeline\templates\LunaCompiler\Scripts\bin\Debug\Retyped.scripthost.xml".

  Deleting file "C:\Users\Min Khant\Downloads\7.0.0\pipeline\templates\LunaCompiler\Scripts\obj\Debug\Scripts.csproj.AssemblyReference.cache".

  Deleting file "C:\Users\Min Khant\Downloads\7.0.0\pipeline\templates\LunaCompiler\Scripts\obj\Debug\Scripts.csproj.CoreCompileInputs.cache".

  Deleting file "C:\Users\Min Khant\Downloads\7.0.0\pipeline\templates\LunaCompiler\Scripts\obj\Debug\Scripts.csproj.Up2Date".

  Deleting file "C:\Users\Min Khant\Downloads\7.0.0\pipeline\templates\LunaCompiler\Scripts\obj\Debug\UnityScriptsCompiler.dll".

  Deleting file "C:\Users\Min Khant\Downloads\7.0.0\pipeline\templates\LunaCompiler\Scripts\obj\Debug\UnityScriptsCompiler.pdb".

GenerateTargetFrameworkMonikerAttribute:
Skipping target "GenerateTargetFrameworkMonikerAttribute" because all output files are up-to-date with respect to the input files.

CoreCompile:
  C:\Program Files\Microsoft Visual Studio\2022\Enterprise\MSBuild\Current\Bin\Roslyn\csc.exe /noconfig /nowarn:CS0626,1701,1702 /fullpaths /nostdlib+ /errorreport:prompt /warn:4 /define:UNITY_LUNA;CSHARP_7_OR_LATER;CSHARP_7_3_OR_NEWER;UNITY_5_3_OR_NEWER;UNITY_5_4_OR_NEWER;UNITY_5_5_OR_NEWER;UNITY_2021;UNITY_2017_1_OR_NEWER;UNITY_2017_2_OR_NEWER;UNITY_2017_3_OR_NEWER;UNITY_2017_4_OR_NEWER;UNITY_2018_1_OR_NEWER;UNITY_2018_2_OR_NEWER;UNITY_2018_3_OR_NEWER;UNITY_2018_4_OR_NEWER;UNITY_2019_1_OR_NEWER;UNITY_2019_2_OR_NEWER;UNITY_2019_3_OR_NEWER;UNITY_2019_4_OR_NEWER;UNITY_2020_1_OR_NEWER;UNITY_2020_2_OR_NEWER;UNITY_2020_3_OR_NEWER;UNITY_2021_1_OR_NEWER;UNITY_2021_2_OR_NEWER;UNITY_2021_3_OR_NEWER;UNITY_2021_3;UNITY_2021_3_45 /highentropyva+ /reference:"C:\Users\Min Khant\Downloads\7.0.0\pipeline\templates\LunaCompiler\packages\Bridge.Core.17.9.42-luna\lib\net40\Bridge.dll" /reference:"C:\Users\Min Khant\Downloads\7.0.0\pipeline\templates\LunaCompiler\packages\Bridge.Html5.17.9.0\lib\net40\Bridge.Html5.dll" /reference:"C:\Users\Min Khant\Downloads\7.0.0\pipeline\templates\LunaCompiler\packages\Bridge.WebGL.1.22.0\lib\net40\Bridge.WebGL.dll" /reference:"C:\Users\Min Khant\Downloads\7.0.0\pipeline\templates\LunaCompiler\packages\DOTween.1.2.705\lib\net40\DOTween.dll" /reference:"C:\Users\Min Khant\Downloads\7.0.0\pipeline\templates\LunaCompiler\packages\com.unity.ide.rider\3.0.0\JetBrains.dll" /reference:"C:\Users\Min Khant\Downloads\7.0.0\pipeline\templates\LunaCompiler\packages\Bridge.Newtonsoft.Json.1.16.0\lib\net40\Newtonsoft.Json.dll" /reference:"C:\Users\Min Khant\Downloads\7.0.0\pipeline\templates\LunaCompiler\packages\Retyped.Core.1.6.6733\lib\net40\Retyped.Core.dll" /reference:"C:\Users\Min Khant\Downloads\7.0.0\pipeline\templates\LunaCompiler\packages\Retyped.dom.2.8.6733\lib\net40\Retyped.dom.dll" /reference:"C:\Users\Min Khant\Downloads\7.0.0\pipeline\templates\LunaCompiler\packages\Retyped.es5.2.8.6733\lib\net40\Retyped.es5.dll" /reference:"C:\Users\Min Khant\Downloads\7.0.0\pipeline\templates\LunaCompiler\packages\Retyped.scripthost.2.8.6733\lib\net40\Retyped.scripthost.dll" /reference:"C:\Users\Min Khant\Downloads\7.0.0\pipeline\templates\LunaCompiler\packages\com.unity.textmeshpro\3.0.6\TextMeshPro.dll" /reference:"C:\Users\Min Khant\Downloads\7.0.0\pipeline\templates\LunaCompiler\Scripts\Vendor\UnityEngine.dll" /reference:"C:\Users\Min Khant\Downloads\7.0.0\pipeline\templates\LunaCompiler\packages\com.unity.ui\1.2.1\UnityEngine.UI.dll" /reference:"C:\Users\Min Khant\Downloads\7.0.0\pipeline\templates\LunaCompiler\packages\com.unity.urp\7.6\UnityEngine.UniversalRenderPipeline.dll" /debug+ /debug:full /optimize- /out:obj\Debug\UnityScriptsCompiler.dll /subsystemversion:6.00 /target:library /warnaserror- /utf8output /langversion:8 C:\2D-Pong-Game\LunaTemp\stage3\processed-scripts\Assets\Resources\Scripts\Controllers\Ctrl_Ball.cs C:\2D-Pong-Game\LunaTemp\stage3\processed-scripts\Assets\Resources\Scripts\Controllers\Ctrl_BotBorder.cs C:\2D-Pong-Game\LunaTemp\stage3\processed-scripts\Assets\Resources\Scripts\Controllers\Ctrl_Brick.cs C:\2D-Pong-Game\LunaTemp\stage3\processed-scripts\Assets\Resources\Scripts\Controllers\Ctrl_GamePlay.cs C:\2D-Pong-Game\LunaTemp\stage3\processed-scripts\Assets\Resources\Scripts\Controllers\Ctrl_LevelLayout.cs C:\2D-Pong-Game\LunaTemp\stage3\processed-scripts\Assets\Resources\Scripts\Controllers\Ctrl_Paddle.cs C:\2D-Pong-Game\LunaTemp\stage3\processed-scripts\Assets\Resources\Scripts\Controllers\Ctrl_PowerUp.cs C:\2D-Pong-Game\LunaTemp\stage3\processed-scripts\Assets\Resources\Scripts\Controllers\Ctrl_UIGamePlay.cs C:\2D-Pong-Game\LunaTemp\stage3\processed-scripts\Assets\Resources\Scripts\Controllers\Ctrl_UIMainMenu.cs C:\2D-Pong-Game\LunaTemp\stage3\processed-scripts\Assets\Resources\Scripts\GlobalScripts\Enum.cs C:\2D-Pong-Game\LunaTemp\stage3\processed-scripts\Assets\Resources\Scripts\Helpers\Hlpr_ResizeSpriteFullScreen.cs C:\2D-Pong-Game\LunaTemp\stage3\processed-scripts\Assets\Resources\Scripts\Helpers\Hlpr_ScreenSize.cs C:\2D-Pong-Game\LunaTemp\stage3\processed-scripts\Assets\Resources\Scripts\Managers\Bootstrapper.cs C:\2D-Pong-Game\LunaTemp\stage3\processed-scripts\Assets\Resources\Scripts\Managers\GameManager.cs C:\2D-Pong-Game\LunaTemp\stage3\processed-scripts\Assets\Resources\Scripts\Managers\LevelEditor.cs C:\2D-Pong-Game\LunaTemp\stage3\processed-scripts\Assets\Resources\Scripts\ScriptableObjects\So_LevelData.cs Properties/AssemblyInfo.cs Sources/OtherDummyScript.cs "obj\Debug\.NETFramework,Version=v4.7.AssemblyAttributes.cs"

C:\2D-Pong-Game\LunaTemp\stage3\processed-scripts\Assets\Resources\Scripts\Controllers\Ctrl_UIMainMenu.cs(9,35): warning CS0649: Field 'Ctrl_UIMainMenu._txtHighScore' is never assigned to, and will always have its default value null [C:\Users\Min Khant\Downloads\7.0.0\pipeline\templates\LunaCompiler\Scripts\Scripts.csproj]

C:\2D-Pong-Game\LunaTemp\stage3\processed-scripts\Assets\Resources\Scripts\Controllers\Ctrl_PowerUp.cs(6,44): warning CS0649: Field 'Ctrl_PowerUp._powerUpType' is never assigned to, and will always have its default value [C:\Users\Min Khant\Downloads\7.0.0\pipeline\templates\LunaCompiler\Scripts\Scripts.csproj]
C:\2D-Pong-Game\LunaTemp\stage3\processed-scripts\Assets\Resources\Scripts\Controllers\Ctrl_UIGamePlay.cs(13,37): warning CS0649: Field 'Ctrl_UIGamePlay._btnToMainMenu' is never assigned to, and will always have its default value null [C:\Users\Min Khant\Downloads\7.0.0\pipeline\templates\LunaCompiler\Scripts\Scripts.csproj]
C:\2D-Pong-Game\LunaTemp\stage3\processed-scripts\Assets\Resources\Scripts\Controllers\Ctrl_UIGamePlay.cs(14,37): warning CS0649: Field 'Ctrl_UIGamePlay._btnToNextLevel' is never assigned to, and will always have its default value null [C:\Users\Min Khant\Downloads\7.0.0\pipeline\templates\LunaCompiler\Scripts\Scripts.csproj]
C:\2D-Pong-Game\LunaTemp\stage3\processed-scripts\Assets\Resources\Scripts\Controllers\Ctrl_GamePlay.cs(18,43): warning CS0649: Field 'Ctrl_GamePlay._powerUpExtraBallControl' is never assigned to, and will always have its default value null [C:\Users\Min Khant\Downloads\7.0.0\pipeline\templates\LunaCompiler\Scripts\Scripts.csproj]
C:\2D-Pong-Game\LunaTemp\stage3\processed-scripts\Assets\Resources\Scripts\Controllers\Ctrl_Ball.cs(6,42): warning CS0649: Field 'Ctrl_Ball._rb' is never assigned to, and will always have its default value null [C:\Users\Min Khant\Downloads\7.0.0\pipeline\templates\LunaCompiler\Scripts\Scripts.csproj]

C:\2D-Pong-Game\LunaTemp\stage3\processed-scripts\Assets\Resources\Scripts\Controllers\Ctrl_UIMainMenu.cs(8,37): warning CS0649: Field 'Ctrl_UIMainMenu._btnQuit' is never assigned to, and will always have its default value null [C:\Users\Min Khant\Downloads\7.0.0\pipeline\templates\LunaCompiler\Scripts\Scripts.csproj]
C:\2D-Pong-Game\LunaTemp\stage3\processed-scripts\Assets\Resources\Scripts\Controllers\Ctrl_GamePlay.cs(9,40): warning CS0649: Field 'Ctrl_GamePlay._tfPowerUpParent' is never assigned to, and will always have its default value null [C:\Users\Min Khant\Downloads\7.0.0\pipeline\templates\LunaCompiler\Scripts\Scripts.csproj]
C:\2D-Pong-Game\LunaTemp\stage3\processed-scripts\Assets\Resources\Scripts\Controllers\Ctrl_Brick.cs(14,34): warning CS0649: Field 'Ctrl_Brick._scores' is never assigned to, and will always have its default value 0 [C:\Users\Min Khant\Downloads\7.0.0\pipeline\templates\LunaCompiler\Scripts\Scripts.csproj]
C:\2D-Pong-Game\LunaTemp\stage3\processed-scripts\Assets\Resources\Scripts\Controllers\Ctrl_GamePlay.cs(12,47): warning CS0649: Field 'Ctrl_GamePlay._levelLayoutControl' is never assigned to, and will always have its default value null [C:\Users\Min Khant\Downloads\7.0.0\pipeline\templates\LunaCompiler\Scripts\Scripts.csproj]

C:\2D-Pong-Game\LunaTemp\stage3\processed-scripts\Assets\Resources\Scripts\Controllers\Ctrl_BotBorder.cs(6,44): warning CS0649: Field 'Ctrl_BotBorder._gamePlayControl' is never assigned to, and will always have its default value null [C:\Users\Min Khant\Downloads\7.0.0\pipeline\templates\LunaCompiler\Scripts\Scripts.csproj]
C:\2D-Pong-Game\LunaTemp\stage3\processed-scripts\Assets\Resources\Scripts\Controllers\Ctrl_UIGamePlay.cs(15,37): warning CS0649: Field 'Ctrl_UIGamePlay._btnBack' is never assigned to, and will always have its default value null [C:\Users\Min Khant\Downloads\7.0.0\pipeline\templates\LunaCompiler\Scripts\Scripts.csproj]
C:\2D-Pong-Game\LunaTemp\stage3\processed-scripts\Assets\Resources\Scripts\Controllers\Ctrl_Brick.cs(12,45): warning CS0649: Field 'Ctrl_Brick._sr' is never assigned to, and will always have its default value null [C:\Users\Min Khant\Downloads\7.0.0\pipeline\templates\LunaCompiler\Scripts\Scripts.csproj]

C:\2D-Pong-Game\LunaTemp\stage3\processed-scripts\Assets\Resources\Scripts\Controllers\Ctrl_Ball.cs(5,48): warning CS0169: The field 'Ctrl_Ball._ballMaterial' is never used [C:\Users\Min Khant\Downloads\7.0.0\pipeline\templates\LunaCompiler\Scripts\Scripts.csproj]
C:\2D-Pong-Game\LunaTemp\stage3\processed-scripts\Assets\Resources\Scripts\Controllers\Ctrl_UIGamePlay.cs(8,35): warning CS0649: Field 'Ctrl_UIGamePlay._txtScores' is never assigned to, and will always have its default value null [C:\Users\Min Khant\Downloads\7.0.0\pipeline\templates\LunaCompiler\Scripts\Scripts.csproj]

C:\2D-Pong-Game\LunaTemp\stage3\processed-scripts\Assets\Resources\Scripts\Managers\LevelEditor.cs(12,43): warning CS0649: Field 'LevelEditor._soLevelData' is never assigned to, and will always have its default value null [C:\Users\Min Khant\Downloads\7.0.0\pipeline\templates\LunaCompiler\Scripts\Scripts.csproj]
C:\2D-Pong-Game\LunaTemp\stage3\processed-scripts\Assets\Resources\Scripts\Controllers\Ctrl_UIMainMenu.cs(7,37): warning CS0649: Field 'Ctrl_UIMainMenu._btnPlay' is never assigned to, and will always have its default value null [C:\Users\Min Khant\Downloads\7.0.0\pipeline\templates\LunaCompiler\Scripts\Scripts.csproj]
C:\2D-Pong-Game\LunaTemp\stage3\processed-scripts\Assets\Resources\Scripts\Controllers\Ctrl_BotBorder.cs(7,41): warning CS0649: Field 'Ctrl_BotBorder._goImmunityBar' is never assigned to, and will always have its default value null [C:\Users\Min Khant\Downloads\7.0.0\pipeline\templates\LunaCompiler\Scripts\Scripts.csproj]

C:\2D-Pong-Game\LunaTemp\stage3\processed-scripts\Assets\Resources\Scripts\Controllers\Ctrl_UIGamePlay.cs(7,35): warning CS0649: Field 'Ctrl_UIGamePlay._txtLives' is never assigned to, and will always have its default value null [C:\Users\Min Khant\Downloads\7.0.0\pipeline\templates\LunaCompiler\Scripts\Scripts.csproj]
C:\2D-Pong-Game\LunaTemp\stage3\processed-scripts\Assets\Resources\Scripts\Controllers\Ctrl_GamePlay.cs(10,41): warning CS0169: The field 'Ctrl_GamePlay._bricksParent' is never used [C:\Users\Min Khant\Downloads\7.0.0\pipeline\templates\LunaCompiler\Scripts\Scripts.csproj]
C:\2D-Pong-Game\LunaTemp\stage3\processed-scripts\Assets\Resources\Scripts\Controllers\Ctrl_Brick.cs(13,34): warning CS0649: Field 'Ctrl_Brick._hitPoints' is never assigned to, and will always have its default value 0 [C:\Users\Min Khant\Downloads\7.0.0\pipeline\templates\LunaCompiler\Scripts\Scripts.csproj]

C:\2D-Pong-Game\LunaTemp\stage3\processed-scripts\Assets\Resources\Scripts\Controllers\Ctrl_BotBorder.cs(5,44): warning CS0649: Field 'Ctrl_BotBorder._boxCollider' is never assigned to, and will always have its default value null [C:\Users\Min Khant\Downloads\7.0.0\pipeline\templates\LunaCompiler\Scripts\Scripts.csproj]
C:\2D-Pong-Game\LunaTemp\stage3\processed-scripts\Assets\Resources\Scripts\Controllers\Ctrl_Paddle.cs(5,44): warning CS0649: Field 'Ctrl_Paddle._gamePlayControl' is never assigned to, and will always have its default value null [C:\Users\Min Khant\Downloads\7.0.0\pipeline\templates\LunaCompiler\Scripts\Scripts.csproj]

C:\2D-Pong-Game\LunaTemp\stage3\processed-scripts\Assets\Resources\Scripts\Controllers\Ctrl_GamePlay.cs(19,43): warning CS0649: Field 'Ctrl_GamePlay._powerUpBallImmunityControl' is never assigned to, and will always have its default value null [C:\Users\Min Khant\Downloads\7.0.0\pipeline\templates\LunaCompiler\Scripts\Scripts.csproj]
C:\2D-Pong-Game\LunaTemp\stage3\processed-scripts\Assets\Resources\Scripts\Controllers\Ctrl_UIGamePlay.cs(9,35): warning CS0649: Field 'Ctrl_UIGamePlay._txtLevel' is never assigned to, and will always have its default value null [C:\Users\Min Khant\Downloads\7.0.0\pipeline\templates\LunaCompiler\Scripts\Scripts.csproj]
C:\2D-Pong-Game\LunaTemp\stage3\processed-scripts\Assets\Resources\Scripts\Managers\LevelEditor.cs(13,42): warning CS0649: Field 'LevelEditor._brickType' is never assigned to, and will always have its default value [C:\Users\Min Khant\Downloads\7.0.0\pipeline\templates\LunaCompiler\Scripts\Scripts.csproj]

C:\2D-Pong-Game\LunaTemp\stage3\processed-scripts\Assets\Resources\Scripts\Controllers\Ctrl_GamePlay.cs(13,46): warning CS0649: Field 'Ctrl_GamePlay._uiControl' is never assigned to, and will always have its default value null [C:\Users\Min Khant\Downloads\7.0.0\pipeline\templates\LunaCompiler\Scripts\Scripts.csproj]
C:\2D-Pong-Game\LunaTemp\stage3\processed-scripts\Assets\Resources\Scripts\Controllers\Ctrl_GamePlay.cs(17,43): warning CS0649: Field 'Ctrl_GamePlay._powerUpExtraLiveControl' is never assigned to, and will always have its default value null [C:\Users\Min Khant\Downloads\7.0.0\pipeline\templates\LunaCompiler\Scripts\Scripts.csproj]
C:\2D-Pong-Game\LunaTemp\stage3\processed-scripts\Assets\Resources\Scripts\Managers\LevelEditor.cs(11,41): warning CS0649: Field 'LevelEditor._brickPrefab' is never assigned to, and will always have its default value null [C:\Users\Min Khant\Downloads\7.0.0\pipeline\templates\LunaCompiler\Scripts\Scripts.csproj]

C:\2D-Pong-Game\LunaTemp\stage3\processed-scripts\Assets\Resources\Scripts\Controllers\Ctrl_UIGamePlay.cs(10,41): warning CS0649: Field 'Ctrl_UIGamePlay._goResultPanel' is never assigned to, and will always have its default value null [C:\Users\Min Khant\Downloads\7.0.0\pipeline\templates\LunaCompiler\Scripts\Scripts.csproj]
C:\2D-Pong-Game\LunaTemp\stage3\processed-scripts\Assets\Resources\Scripts\Controllers\Ctrl_GamePlay.cs(15,42): warning CS0649: Field 'Ctrl_GamePlay._paddleControl' is never assigned to, and will always have its default value null [C:\Users\Min Khant\Downloads\7.0.0\pipeline\templates\LunaCompiler\Scripts\Scripts.csproj]

C:\2D-Pong-Game\LunaTemp\stage3\processed-scripts\Assets\Resources\Scripts\Controllers\Ctrl_GamePlay.cs(14,40): warning CS0649: Field 'Ctrl_GamePlay._ballControl' is never assigned to, and will always have its default value null [C:\Users\Min Khant\Downloads\7.0.0\pipeline\templates\LunaCompiler\Scripts\Scripts.csproj]
C:\2D-Pong-Game\LunaTemp\stage3\processed-scripts\Assets\Resources\Scripts\Controllers\Ctrl_Paddle.cs(6,48): warning CS0649: Field 'Ctrl_Paddle._paddleMaterial' is never assigned to, and will always have its default value null [C:\Users\Min Khant\Downloads\7.0.0\pipeline\templates\LunaCompiler\Scripts\Scripts.csproj]
C:\2D-Pong-Game\LunaTemp\stage3\processed-scripts\Assets\Resources\Scripts\Controllers\Ctrl_GamePlay.cs(16,45): warning CS0649: Field 'Ctrl_GamePlay._botBorderControl' is never assigned to, and will always have its default value null [C:\Users\Min Khant\Downloads\7.0.0\pipeline\templates\LunaCompiler\Scripts\Scripts.csproj]

C:\2D-Pong-Game\LunaTemp\stage3\processed-scripts\Assets\Resources\Scripts\Controllers\Ctrl_GamePlay.cs(11,41): warning CS0649: Field 'Ctrl_GamePlay._ballsParent' is never assigned to, and will always have its default value null [C:\Users\Min Khant\Downloads\7.0.0\pipeline\templates\LunaCompiler\Scripts\Scripts.csproj]

C:\2D-Pong-Game\LunaTemp\stage3\processed-scripts\Assets\Resources\Scripts\Controllers\Ctrl_UIGamePlay.cs(11,39): warning CS0649: Field 'Ctrl_UIGamePlay._txtResult' is never assigned to, and will always have its default value null [C:\Users\Min Khant\Downloads\7.0.0\pipeline\templates\LunaCompiler\Scripts\Scripts.csproj]
C:\2D-Pong-Game\LunaTemp\stage3\processed-scripts\Assets\Resources\Scripts\Controllers\Ctrl_PowerUp.cs(5,45): warning CS0169: The field 'Ctrl_PowerUp._sr' is never used [C:\Users\Min Khant\Downloads\7.0.0\pipeline\templates\LunaCompiler\Scripts\Scripts.csproj]
C:\2D-Pong-Game\LunaTemp\stage3\processed-scripts\Assets\Resources\Scripts\Controllers\Ctrl_UIGamePlay.cs(12,35): warning CS0649: Field 'Ctrl_UIGamePlay._txtResultPanelScore' is never assigned to, and will always have its default value null [C:\Users\Min Khant\Downloads\7.0.0\pipeline\templates\LunaCompiler\Scripts\Scripts.csproj]

  CompilerServer: server - server processed compilation - Scripts

_CopyFilesMarkedCopyLocal:
  Copying file from "C:\Users\Min Khant\Downloads\7.0.0\pipeline\templates\LunaCompiler\packages\DOTween.1.2.705\lib\net40\DOTween.dll" to "C:\Users\Min Khant\Downloads\7.0.0\pipeline\templates\LunaCompiler\Scripts\bin\Debug\DOTween.dll".

  Copying file from "C:\Users\Min Khant\Downloads\7.0.0\pipeline\templates\LunaCompiler\packages\Bridge.WebGL.1.22.0\lib\net40\Bridge.WebGL.dll" to "C:\Users\Min Khant\Downloads\7.0.0\pipeline\templates\LunaCompiler\Scripts\bin\Debug\Bridge.WebGL.dll".
  Copying file from "C:\Users\Min Khant\Downloads\7.0.0\pipeline\templates\LunaCompiler\packages\Bridge.Newtonsoft.Json.1.16.0\lib\net40\Newtonsoft.Json.dll" to "C:\Users\Min Khant\Downloads\7.0.0\pipeline\templates\LunaCompiler\Scripts\bin\Debug\Newtonsoft.Json.dll".
  Copying file from "C:\Users\Min Khant\Downloads\7.0.0\pipeline\templates\LunaCompiler\packages\com.unity.ide.rider\3.0.0\JetBrains.dll" to "C:\Users\Min Khant\Downloads\7.0.0\pipeline\templates\LunaCompiler\Scripts\bin\Debug\JetBrains.dll".

  Copying file from "C:\Users\Min Khant\Downloads\7.0.0\pipeline\templates\LunaCompiler\packages\Bridge.Core.17.9.42-luna\lib\net40\Bridge.dll" to "C:\Users\Min Khant\Downloads\7.0.0\pipeline\templates\LunaCompiler\Scripts\bin\Debug\Bridge.dll".

  Copying file from "C:\Users\Min Khant\Downloads\7.0.0\pipeline\templates\LunaCompiler\packages\Bridge.Html5.17.9.0\lib\net40\Bridge.Html5.dll" to "C:\Users\Min Khant\Downloads\7.0.0\pipeline\templates\LunaCompiler\Scripts\bin\Debug\Bridge.Html5.dll".

  Copying file from "C:\Users\Min Khant\Downloads\7.0.0\pipeline\templates\LunaCompiler\packages\Retyped.Core.1.6.6733\lib\net40\Retyped.Core.dll" to "C:\Users\Min Khant\Downloads\7.0.0\pipeline\templates\LunaCompiler\Scripts\bin\Debug\Retyped.Core.dll".

  Copying file from "C:\Users\Min Khant\Downloads\7.0.0\pipeline\templates\LunaCompiler\packages\Retyped.dom.2.8.6733\lib\net40\Retyped.dom.dll" to "C:\Users\Min Khant\Downloads\7.0.0\pipeline\templates\LunaCompiler\Scripts\bin\Debug\Retyped.dom.dll".

  Copying file from "C:\Users\Min Khant\Downloads\7.0.0\pipeline\templates\LunaCompiler\packages\Retyped.es5.2.8.6733\lib\net40\Retyped.es5.dll" to "C:\Users\Min Khant\Downloads\7.0.0\pipeline\templates\LunaCompiler\Scripts\bin\Debug\Retyped.es5.dll".

  Copying file from "C:\Users\Min Khant\Downloads\7.0.0\pipeline\templates\LunaCompiler\packages\com.unity.textmeshpro\3.0.6\TextMeshPro.dll" to "C:\Users\Min Khant\Downloads\7.0.0\pipeline\templates\LunaCompiler\Scripts\bin\Debug\TextMeshPro.dll".

  Copying file from "C:\Users\Min Khant\Downloads\7.0.0\pipeline\templates\LunaCompiler\packages\Retyped.scripthost.2.8.6733\lib\net40\Retyped.scripthost.dll" to "C:\Users\Min Khant\Downloads\7.0.0\pipeline\templates\LunaCompiler\Scripts\bin\Debug\Retyped.scripthost.dll".

  Copying file from "C:\Users\Min Khant\Downloads\7.0.0\pipeline\templates\LunaCompiler\Scripts\Vendor\UnityEngine.dll" to "C:\Users\Min Khant\Downloads\7.0.0\pipeline\templates\LunaCompiler\Scripts\bin\Debug\UnityEngine.dll".

  Copying file from "C:\Users\Min Khant\Downloads\7.0.0\pipeline\templates\LunaCompiler\packages\com.unity.ui\1.2.1\UnityEngine.UI.dll" to "C:\Users\Min Khant\Downloads\7.0.0\pipeline\templates\LunaCompiler\Scripts\bin\Debug\UnityEngine.UI.dll".

  Copying file from "C:\Users\Min Khant\Downloads\7.0.0\pipeline\templates\LunaCompiler\packages\com.unity.urp\7.6\UnityEngine.UniversalRenderPipeline.dll" to "C:\Users\Min Khant\Downloads\7.0.0\pipeline\templates\LunaCompiler\Scripts\bin\Debug\UnityEngine.UniversalRenderPipeline.dll".

  Copying file from "C:\Users\Min Khant\Downloads\7.0.0\pipeline\templates\LunaCompiler\packages\Bridge.Core.17.9.42-luna\lib\net40\Bridge.xml" to "C:\Users\Min Khant\Downloads\7.0.0\pipeline\templates\LunaCompiler\Scripts\bin\Debug\Bridge.xml".

  Copying file from "C:\Users\Min Khant\Downloads\7.0.0\pipeline\templates\LunaCompiler\packages\Bridge.Html5.17.9.0\lib\net40\Bridge.Html5.xml" to "C:\Users\Min Khant\Downloads\7.0.0\pipeline\templates\LunaCompiler\Scripts\bin\Debug\Bridge.Html5.xml".

  Copying file from "C:\Users\Min Khant\Downloads\7.0.0\pipeline\templates\LunaCompiler\packages\Bridge.WebGL.1.22.0\lib\net40\Bridge.WebGL.xml" to "C:\Users\Min Khant\Downloads\7.0.0\pipeline\templates\LunaCompiler\Scripts\bin\Debug\Bridge.WebGL.xml".

  Copying file from "C:\Users\Min Khant\Downloads\7.0.0\pipeline\templates\LunaCompiler\packages\Bridge.Newtonsoft.Json.1.16.0\lib\net40\Newtonsoft.Json.xml" to "C:\Users\Min Khant\Downloads\7.0.0\pipeline\templates\LunaCompiler\Scripts\bin\Debug\Newtonsoft.Json.xml".

  Copying file from "C:\Users\Min Khant\Downloads\7.0.0\pipeline\templates\LunaCompiler\packages\Retyped.Core.1.6.6733\lib\net40\Retyped.Core.xml" to "C:\Users\Min Khant\Downloads\7.0.0\pipeline\templates\LunaCompiler\Scripts\bin\Debug\Retyped.Core.xml".

  Copying file from "C:\Users\Min Khant\Downloads\7.0.0\pipeline\templates\LunaCompiler\packages\Retyped.dom.2.8.6733\lib\net40\Retyped.dom.xml" to "C:\Users\Min Khant\Downloads\7.0.0\pipeline\templates\LunaCompiler\Scripts\bin\Debug\Retyped.dom.xml".

  Copying file from "C:\Users\Min Khant\Downloads\7.0.0\pipeline\templates\LunaCompiler\packages\Retyped.es5.2.8.6733\lib\net40\Retyped.es5.xml" to "C:\Users\Min Khant\Downloads\7.0.0\pipeline\templates\LunaCompiler\Scripts\bin\Debug\Retyped.es5.xml".

  Copying file from "C:\Users\Min Khant\Downloads\7.0.0\pipeline\templates\LunaCompiler\packages\Retyped.scripthost.2.8.6733\lib\net40\Retyped.scripthost.xml" to "C:\Users\Min Khant\Downloads\7.0.0\pipeline\templates\LunaCompiler\Scripts\bin\Debug\Retyped.scripthost.xml".

  Creating "C:\Users\Min Khant\Downloads\7.0.0\pipeline\templates\LunaCompiler\Scripts\obj\Debug\Scripts.csproj.Up2Date" because "AlwaysCreate" was specified.

  Touching "C:\Users\Min Khant\Downloads\7.0.0\pipeline\templates\LunaCompiler\Scripts\obj\Debug\Scripts.csproj.Up2Date".

CopyFilesToOutputDirectory:
  Copying file from "C:\Users\Min Khant\Downloads\7.0.0\pipeline\templates\LunaCompiler\Scripts\obj\Debug\UnityScriptsCompiler.dll" to "C:\Users\Min Khant\Downloads\7.0.0\pipeline\templates\LunaCompiler\Scripts\bin\Debug\UnityScriptsCompiler.dll".

  Scripts -> C:\Users\Min Khant\Downloads\7.0.0\pipeline\templates\LunaCompiler\Scripts\bin\Debug\UnityScriptsCompiler.dll

  Copying file from "C:\Users\Min Khant\Downloads\7.0.0\pipeline\templates\LunaCompiler\Scripts\obj\Debug\UnityScriptsCompiler.pdb" to "C:\Users\Min Khant\Downloads\7.0.0\pipeline\templates\LunaCompiler\Scripts\bin\Debug\UnityScriptsCompiler.pdb".

BridgeNetCompilerTask:
  Bridge started

      To enable detailed logging, configure "logging" in bridge.json.
      https://github.com/bridgedotnet/Bridge/wiki/global-configuration#logging

  Bridge done

Done Building Project "C:\Users\Min Khant\Downloads\7.0.0\pipeline\templates\LunaCompiler\Scripts\Scripts.csproj" (Rebuild target(s)).


Build succeeded.



"C:\Users\Min Khant\Downloads\7.0.0\pipeline\templates\LunaCompiler\Scripts\Scripts.csproj" (Rebuild target) (1) ->
(CoreCompile target) -> 
  C:\2D-Pong-Game\LunaTemp\stage3\processed-scripts\Assets\Resources\Scripts\Controllers\Ctrl_UIMainMenu.cs(9,35): warning CS0649: Field 'Ctrl_UIMainMenu._txtHighScore' is never assigned to, and will always have its default value null [C:\Users\Min Khant\Downloads\7.0.0\pipeline\templates\LunaCompiler\Scripts\Scripts.csproj]
  C:\2D-Pong-Game\LunaTemp\stage3\processed-scripts\Assets\Resources\Scripts\Controllers\Ctrl_PowerUp.cs(6,44): warning CS0649: Field 'Ctrl_PowerUp._powerUpType' is never assigned to, and will always have its default value [C:\Users\Min Khant\Downloads\7.0.0\pipeline\templates\LunaCompiler\Scripts\Scripts.csproj]
  C:\2D-Pong-Game\LunaTemp\stage3\processed-scripts\Assets\Resources\Scripts\Controllers\Ctrl_UIGamePlay.cs(13,37): warning CS0649: Field 'Ctrl_UIGamePlay._btnToMainMenu' is never assigned to, and will always have its default value null [C:\Users\Min Khant\Downloads\7.0.0\pipeline\templates\LunaCompiler\Scripts\Scripts.csproj]
  C:\2D-Pong-Game\LunaTemp\stage3\processed-scripts\Assets\Resources\Scripts\Controllers\Ctrl_UIGamePlay.cs(14,37): warning CS0649: Field 'Ctrl_UIGamePlay._btnToNextLevel' is never assigned to, and will always have its default value null [C:\Users\Min Khant\Downloads\7.0.0\pipeline\templates\LunaCompiler\Scripts\Scripts.csproj]
  C:\2D-Pong-Game\LunaTemp\stage3\processed-scripts\Assets\Resources\Scripts\Controllers\Ctrl_GamePlay.cs(18,43): warning CS0649: Field 'Ctrl_GamePlay._powerUpExtraBallControl' is never assigned to, and will always have its default value null [C:\Users\Min Khant\Downloads\7.0.0\pipeline\templates\LunaCompiler\Scripts\Scripts.csproj]
  C:\2D-Pong-Game\LunaTemp\stage3\processed-scripts\Assets\Resources\Scripts\Controllers\Ctrl_Ball.cs(6,42): warning CS0649: Field 'Ctrl_Ball._rb' is never assigned to, and will always have its default value null [C:\Users\Min Khant\Downloads\7.0.0\pipeline\templates\LunaCompiler\Scripts\Scripts.csproj]
  C:\2D-Pong-Game\LunaTemp\stage3\processed-scripts\Assets\Resources\Scripts\Controllers\Ctrl_UIMainMenu.cs(8,37): warning CS0649: Field 'Ctrl_UIMainMenu._btnQuit' is never assigned to, and will always have its default value null [C:\Users\Min Khant\Downloads\7.0.0\pipeline\templates\LunaCompiler\Scripts\Scripts.csproj]
  C:\2D-Pong-Game\LunaTemp\stage3\processed-scripts\Assets\Resources\Scripts\Controllers\Ctrl_GamePlay.cs(9,40): warning CS0649: Field 'Ctrl_GamePlay._tfPowerUpParent' is never assigned to, and will always have its default value null [C:\Users\Min Khant\Downloads\7.0.0\pipeline\templates\LunaCompiler\Scripts\Scripts.csproj]
  C:\2D-Pong-Game\LunaTemp\stage3\processed-scripts\Assets\Resources\Scripts\Controllers\Ctrl_Brick.cs(14,34): warning CS0649: Field 'Ctrl_Brick._scores' is never assigned to, and will always have its default value 0 [C:\Users\Min Khant\Downloads\7.0.0\pipeline\templates\LunaCompiler\Scripts\Scripts.csproj]
  C:\2D-Pong-Game\LunaTemp\stage3\processed-scripts\Assets\Resources\Scripts\Controllers\Ctrl_GamePlay.cs(12,47): warning CS0649: Field 'Ctrl_GamePlay._levelLayoutControl' is never assigned to, and will always have its default value null [C:\Users\Min Khant\Downloads\7.0.0\pipeline\templates\LunaCompiler\Scripts\Scripts.csproj]
  C:\2D-Pong-Game\LunaTemp\stage3\processed-scripts\Assets\Resources\Scripts\Controllers\Ctrl_BotBorder.cs(6,44): warning CS0649: Field 'Ctrl_BotBorder._gamePlayControl' is never assigned to, and will always have its default value null [C:\Users\Min Khant\Downloads\7.0.0\pipeline\templates\LunaCompiler\Scripts\Scripts.csproj]
  C:\2D-Pong-Game\LunaTemp\stage3\processed-scripts\Assets\Resources\Scripts\Controllers\Ctrl_UIGamePlay.cs(15,37): warning CS0649: Field 'Ctrl_UIGamePlay._btnBack' is never assigned to, and will always have its default value null [C:\Users\Min Khant\Downloads\7.0.0\pipeline\templates\LunaCompiler\Scripts\Scripts.csproj]
  C:\2D-Pong-Game\LunaTemp\stage3\processed-scripts\Assets\Resources\Scripts\Controllers\Ctrl_Brick.cs(12,45): warning CS0649: Field 'Ctrl_Brick._sr' is never assigned to, and will always have its default value null [C:\Users\Min Khant\Downloads\7.0.0\pipeline\templates\LunaCompiler\Scripts\Scripts.csproj]
  C:\2D-Pong-Game\LunaTemp\stage3\processed-scripts\Assets\Resources\Scripts\Controllers\Ctrl_Ball.cs(5,48): warning CS0169: The field 'Ctrl_Ball._ballMaterial' is never used [C:\Users\Min Khant\Downloads\7.0.0\pipeline\templates\LunaCompiler\Scripts\Scripts.csproj]
  C:\2D-Pong-Game\LunaTemp\stage3\processed-scripts\Assets\Resources\Scripts\Controllers\Ctrl_UIGamePlay.cs(8,35): warning CS0649: Field 'Ctrl_UIGamePlay._txtScores' is never assigned to, and will always have its default value null [C:\Users\Min Khant\Downloads\7.0.0\pipeline\templates\LunaCompiler\Scripts\Scripts.csproj]
  C:\2D-Pong-Game\LunaTemp\stage3\processed-scripts\Assets\Resources\Scripts\Managers\LevelEditor.cs(12,43): warning CS0649: Field 'LevelEditor._soLevelData' is never assigned to, and will always have its default value null [C:\Users\Min Khant\Downloads\7.0.0\pipeline\templates\LunaCompiler\Scripts\Scripts.csproj]
  C:\2D-Pong-Game\LunaTemp\stage3\processed-scripts\Assets\Resources\Scripts\Controllers\Ctrl_UIMainMenu.cs(7,37): warning CS0649: Field 'Ctrl_UIMainMenu._btnPlay' is never assigned to, and will always have its default value null [C:\Users\Min Khant\Downloads\7.0.0\pipeline\templates\LunaCompiler\Scripts\Scripts.csproj]
  C:\2D-Pong-Game\LunaTemp\stage3\processed-scripts\Assets\Resources\Scripts\Controllers\Ctrl_BotBorder.cs(7,41): warning CS0649: Field 'Ctrl_BotBorder._goImmunityBar' is never assigned to, and will always have its default value null [C:\Users\Min Khant\Downloads\7.0.0\pipeline\templates\LunaCompiler\Scripts\Scripts.csproj]
  C:\2D-Pong-Game\LunaTemp\stage3\processed-scripts\Assets\Resources\Scripts\Controllers\Ctrl_UIGamePlay.cs(7,35): warning CS0649: Field 'Ctrl_UIGamePlay._txtLives' is never assigned to, and will always have its default value null [C:\Users\Min Khant\Downloads\7.0.0\pipeline\templates\LunaCompiler\Scripts\Scripts.csproj]
  C:\2D-Pong-Game\LunaTemp\stage3\processed-scripts\Assets\Resources\Scripts\Controllers\Ctrl_GamePlay.cs(10,41): warning CS0169: The field 'Ctrl_GamePlay._bricksParent' is never used [C:\Users\Min Khant\Downloads\7.0.0\pipeline\templates\LunaCompiler\Scripts\Scripts.csproj]

  C:\2D-Pong-Game\LunaTemp\stage3\processed-scripts\Assets\Resources\Scripts\Controllers\Ctrl_Brick.cs(13,34): warning CS0649: Field 'Ctrl_Brick._hitPoints' is never assigned to, and will always have its default value 0 [C:\Users\Min Khant\Downloads\7.0.0\pipeline\templates\LunaCompiler\Scripts\Scripts.csproj]
  C:\2D-Pong-Game\LunaTemp\stage3\processed-scripts\Assets\Resources\Scripts\Controllers\Ctrl_BotBorder.cs(5,44): warning CS0649: Field 'Ctrl_BotBorder._boxCollider' is never assigned to, and will always have its default value null [C:\Users\Min Khant\Downloads\7.0.0\pipeline\templates\LunaCompiler\Scripts\Scripts.csproj]
  C:\2D-Pong-Game\LunaTemp\stage3\processed-scripts\Assets\Resources\Scripts\Controllers\Ctrl_Paddle.cs(5,44): warning CS0649: Field 'Ctrl_Paddle._gamePlayControl' is never assigned to, and will always have its default value null [C:\Users\Min Khant\Downloads\7.0.0\pipeline\templates\LunaCompiler\Scripts\Scripts.csproj]
  C:\2D-Pong-Game\LunaTemp\stage3\processed-scripts\Assets\Resources\Scripts\Controllers\Ctrl_GamePlay.cs(19,43): warning CS0649: Field 'Ctrl_GamePlay._powerUpBallImmunityControl' is never assigned to, and will always have its default value null [C:\Users\Min Khant\Downloads\7.0.0\pipeline\templates\LunaCompiler\Scripts\Scripts.csproj]
  C:\2D-Pong-Game\LunaTemp\stage3\processed-scripts\Assets\Resources\Scripts\Controllers\Ctrl_UIGamePlay.cs(9,35): warning CS0649: Field 'Ctrl_UIGamePlay._txtLevel' is never assigned to, and will always have its default value null [C:\Users\Min Khant\Downloads\7.0.0\pipeline\templates\LunaCompiler\Scripts\Scripts.csproj]
  C:\2D-Pong-Game\LunaTemp\stage3\processed-scripts\Assets\Resources\Scripts\Managers\LevelEditor.cs(13,42): warning CS0649: Field 'LevelEditor._brickType' is never assigned to, and will always have its default value [C:\Users\Min Khant\Downloads\7.0.0\pipeline\templates\LunaCompiler\Scripts\Scripts.csproj]
  C:\2D-Pong-Game\LunaTemp\stage3\processed-scripts\Assets\Resources\Scripts\Controllers\Ctrl_GamePlay.cs(13,46): warning CS0649: Field 'Ctrl_GamePlay._uiControl' is never assigned to, and will always have its default value null [C:\Users\Min Khant\Downloads\7.0.0\pipeline\templates\LunaCompiler\Scripts\Scripts.csproj]
  C:\2D-Pong-Game\LunaTemp\stage3\processed-scripts\Assets\Resources\Scripts\Controllers\Ctrl_GamePlay.cs(17,43): warning CS0649: Field 'Ctrl_GamePlay._powerUpExtraLiveControl' is never assigned to, and will always have its default value null [C:\Users\Min Khant\Downloads\7.0.0\pipeline\templates\LunaCompiler\Scripts\Scripts.csproj]
  C:\2D-Pong-Game\LunaTemp\stage3\processed-scripts\Assets\Resources\Scripts\Managers\LevelEditor.cs(11,41): warning CS0649: Field 'LevelEditor._brickPrefab' is never assigned to, and will always have its default value null [C:\Users\Min Khant\Downloads\7.0.0\pipeline\templates\LunaCompiler\Scripts\Scripts.csproj]
  C:\2D-Pong-Game\LunaTemp\stage3\processed-scripts\Assets\Resources\Scripts\Controllers\Ctrl_UIGamePlay.cs(10,41): warning CS0649: Field 'Ctrl_UIGamePlay._goResultPanel' is never assigned to, and will always have its default value null [C:\Users\Min Khant\Downloads\7.0.0\pipeline\templates\LunaCompiler\Scripts\Scripts.csproj]
  C:\2D-Pong-Game\LunaTemp\stage3\processed-scripts\Assets\Resources\Scripts\Controllers\Ctrl_GamePlay.cs(15,42): warning CS0649: Field 'Ctrl_GamePlay._paddleControl' is never assigned to, and will always have its default value null [C:\Users\Min Khant\Downloads\7.0.0\pipeline\templates\LunaCompiler\Scripts\Scripts.csproj]
  C:\2D-Pong-Game\LunaTemp\stage3\processed-scripts\Assets\Resources\Scripts\Controllers\Ctrl_GamePlay.cs(14,40): warning CS0649: Field 'Ctrl_GamePlay._ballControl' is never assigned to, and will always have its default value null [C:\Users\Min Khant\Downloads\7.0.0\pipeline\templates\LunaCompiler\Scripts\Scripts.csproj]
  C:\2D-Pong-Game\LunaTemp\stage3\processed-scripts\Assets\Resources\Scripts\Controllers\Ctrl_Paddle.cs(6,48): warning CS0649: Field 'Ctrl_Paddle._paddleMaterial' is never assigned to, and will always have its default value null [C:\Users\Min Khant\Downloads\7.0.0\pipeline\templates\LunaCompiler\Scripts\Scripts.csproj]
  C:\2D-Pong-Game\LunaTemp\stage3\processed-scripts\Assets\Resources\Scripts\Controllers\Ctrl_GamePlay.cs(16,45): warning CS0649: Field 'Ctrl_GamePlay._botBorderControl' is never assigned to, and will always have its default value null [C:\Users\Min Khant\Downloads\7.0.0\pipeline\templates\LunaCompiler\Scripts\Scripts.csproj]
  C:\2D-Pong-Game\LunaTemp\stage3\processed-scripts\Assets\Resources\Scripts\Controllers\Ctrl_GamePlay.cs(11,41): warning CS0649: Field 'Ctrl_GamePlay._ballsParent' is never assigned to, and will always have its default value null [C:\Users\Min Khant\Downloads\7.0.0\pipeline\templates\LunaCompiler\Scripts\Scripts.csproj]
  C:\2D-Pong-Game\LunaTemp\stage3\processed-scripts\Assets\Resources\Scripts\Controllers\Ctrl_UIGamePlay.cs(11,39): warning CS0649: Field 'Ctrl_UIGamePlay._txtResult' is never assigned to, and will always have its default value null [C:\Users\Min Khant\Downloads\7.0.0\pipeline\templates\LunaCompiler\Scripts\Scripts.csproj]
  C:\2D-Pong-Game\LunaTemp\stage3\processed-scripts\Assets\Resources\Scripts\Controllers\Ctrl_PowerUp.cs(5,45): warning CS0169: The field 'Ctrl_PowerUp._sr' is never used [C:\Users\Min Khant\Downloads\7.0.0\pipeline\templates\LunaCompiler\Scripts\Scripts.csproj]
  C:\2D-Pong-Game\LunaTemp\stage3\processed-scripts\Assets\Resources\Scripts\Controllers\Ctrl_UIGamePlay.cs(12,35): warning CS0649: Field 'Ctrl_UIGamePlay._txtResultPanelScore' is never assigned to, and will always have its default value null [C:\Users\Min Khant\Downloads\7.0.0\pipeline\templates\LunaCompiler\Scripts\Scripts.csproj]

    38 Warning(s)
    0 Error(s)

Time Elapsed 00:00:11.92

Source code compiled successfully!
﻿
[ error ] $﻿
PHC: LP error code not found in JSON: 3015, JSON file might be outdated. Error message: Sequence contains no matching element

Diagnostics gathered successfully
[ Stage3 ] Code compiled and bundled successfully.
[ Stage4 ] Target platform: playground
[ Stage4 ] Package bundled successfully
navigateto:https://assets-lunalabs-io.s3-accelerate.amazonaws.com/uploads%2Fdirect%2F6d287ba8c7455f37d170638d748f4ce3%2F_build.zip
[ Stage4 ] Package uploaded successfully
